<?xml version="1.0" encoding="UTF-8"?>
<!-- Generated by org.testng.reporters.JUnitReportReporter -->
<testsuite hostname="DESKTOP-22D1LE7" failures="0" tests="1" name="com.metr.tests.UsersManagementPagesTest" time="71.008" errors="0" timestamp="2025-03-03T12:54:10 IST" skipped="0">
  <testcase classname="com.metr.tests.UsersManagementPagesTest" name="usersManagement" time="71.008"/>
  <system-out/>
</testsuite> <!-- com.metr.tests.UsersManagementPagesTest -->
