<?xml version="1.0" encoding="UTF-8"?>
<!-- Generated by org.testng.reporters.JUnitReportReporter -->
<testsuite hostname="DESKTOP-22D1LE7" failures="0" tests="1" name="com.metr.tests.UsersTest" time="72.614" errors="0" timestamp="2025-02-28T12:41:22 IST" skipped="0">
  <testcase classname="com.metr.tests.UsersTest" name="usersManagemetn" time="72.614"/>
  <system-out/>
</testsuite> <!-- com.metr.tests.UsersTest -->
