<?xml version="1.0" encoding="UTF-8"?>
<!-- Generated by org.testng.reporters.JUnitReportReporter -->
<testsuite hostname="DESKTOP-22D1LE7" failures="0" tests="3" name="com.metr.tests.ProjectManagementTest" time="15.746" errors="0" timestamp="2025-02-28T17:39:17 IST" skipped="1">
  <testcase classname="com.metr.tests.ProjectManagementTest" name="navigateToProjectSection" time="4.104"/>
  <system-out>
    <![CDATA[navigateToProjectSection is starting execution
navigateToProjectSection executed successfully]]>
  </system-out>
  <testcase classname="com.metr.tests.ProjectManagementTest" name="addProject" time="11.642"/>
  <system-out>
    <![CDATA[addProject is starting execution
addProject executed successfully]]>
  </system-out>
  <testcase classname="com.metr.tests.ProjectManagementTest" name="deleteAllProjects">
    <skipped/>
  </testcase> <!-- deleteAllProjects -->
  <system-out/>
</testsuite> <!-- com.metr.tests.ProjectManagementTest -->
