<?xml version="1.0" encoding="UTF-8"?>
<!-- Generated by org.testng.reporters.JUnitReportReporter -->
<testsuite hostname="DESKTOP-22D1LE7" failures="0" tests="1" name="com.metr.tests.DashboardValidation" time="0.016" errors="0" timestamp="2025-02-13T12:33:42 IST" skipped="0">
  <testcase classname="com.metr.tests.DashboardValidation" name="dashboardValidation" time="0.016"/>
  <system-out/>
</testsuite> <!-- com.metr.tests.DashboardValidation -->
