<?xml version="1.0" encoding="UTF-8"?>
<!-- Generated by org.testng.reporters.JUnitReportReporter -->
<testsuite hostname="DESKTOP-22D1LE7" failures="0" tests="1" name="com.metr.tests.ProjectTest" time="236.096" errors="0" timestamp="2025-02-24T18:00:10 IST" skipped="0">
  <testcase classname="com.metr.tests.ProjectTest" name="projectValidation" time="236.096"/>
  <system-out/>
</testsuite> <!-- com.metr.tests.ProjectTest -->
