<?xml version="1.0" encoding="UTF-8"?>
<!-- Generated by org.testng.reporters.JUnitReportReporter -->
<testsuite hostname="DESKTOP-22D1LE7" failures="0" tests="4" name="com.metr.tests.ProjectTest" time="260.658" errors="0" timestamp="2025-02-27T14:03:00 IST" skipped="1">
  <testcase classname="com.metr.tests.ProjectTest" name="addAndDeleteCollaborator" time="125.754"/>
  <system-out/>
  <testcase classname="com.metr.tests.ProjectTest" name="projectValidation" time="114.838"/>
  <system-out/>
  <testcase classname="com.metr.tests.ProjectTest" name="deleteAllProject" time="20.066"/>
  <system-out/>
  <testcase classname="com.metr.tests.ProjectTest" name="deleteProject">
    <skipped/>
  </testcase> <!-- deleteProject -->
  <system-out/>
</testsuite> <!-- com.metr.tests.ProjectTest -->
