<?xml version="1.0" encoding="UTF-8"?>
<!-- Generated by org.testng.reporters.JUnitReportReporter -->
<testsuite hostname="DESKTOP-22D1LE7" failures="0" tests="1" name="userAppTestScripts.UserLoginValidation" time="0.016" errors="0" timestamp="2025-03-04T15:50:17 IST" skipped="0">
  <testcase classname="userAppTestScripts.UserLoginValidation" name="ValidateLoginFunctionality" time="0.016"/>
  <system-out/>
</testsuite> <!-- userAppTestScripts.UserLoginValidation -->
