<?xml version="1.0" encoding="UTF-8"?>
<!-- Generated by org.testng.reporters.JUnitReportReporter -->
<testsuite hostname="DESKTOP-22D1LE7" failures="0" tests="6" name="com.metr.tests.ProjectCD" time="125.977" errors="0" timestamp="2025-02-27T15:43:05 IST" skipped="1">
  <testcase classname="com.metr.tests.ProjectCD" name="navigateToProjectSection" time="2.711"/>
  <system-out/>
  <testcase classname="com.metr.tests.ProjectCD" name="addProject" time="9.272"/>
  <system-out/>
  <testcase classname="com.metr.tests.ProjectCD" name="addCollaborator" time="41.911"/>
  <system-out/>
  <testcase classname="com.metr.tests.ProjectCD" name="deleteCollaborator" time="64.379"/>
  <system-out/>
  <testcase classname="com.metr.tests.ProjectCD" name="deleteProject" time="7.704"/>
  <system-out/>
  <testcase classname="com.metr.tests.ProjectCD" name="deleteAllProjects">
    <skipped/>
  </testcase> <!-- deleteAllProjects -->
  <system-out/>
</testsuite> <!-- com.metr.tests.ProjectCD -->
